2016-11-06 16:45:40,112 ERROR mypack.Init.init(Init.java:12) - i came to logg2016-11-06 21:07:13,729 ERROR mypack.Init.init(Init.java:12) - i came to logg
2016-11-06 21:17:05,627 ERROR mypack.Init.init(Init.java:12) - i came to logg
2016-11-06 21:20:47,303 ERROR mypack.Init.init(Init.java:12) - i came to logg
2016-11-06 21:22:25,909 ERROR mypack.Init.init(Init.java:12) - i came to logg
2016-11-06 21:27:57,825 ERROR mypack.Init.init(Init.java:12) - i came to logg
2016-11-06 21:38:41,791 INFO  org.springframework.web.context.ContextLoader.initWebApplicationContext(ContextLoader.java:273) - Root WebApplicationContext: initialization started
2016-11-06 21:38:41,915 INFO  org.springframework.context.support.AbstractApplicationContext.prepareRefresh(AbstractApplicationContext.java:510) - Refreshing Root WebApplicationContext: startup date [Sun Nov 06 21:38:41 CST 2016]; root of context hierarchy
2016-11-06 21:38:42,142 INFO  org.springframework.beans.factory.xml.XmlBeanDefinitionReader.loadBeanDefinitions(XmlBeanDefinitionReader.java:315) - Loading XML bean definitions from ServletContext resource [/WEB-INF/applicationContext.xml]
2016-11-06 21:38:42,625 INFO  org.springframework.core.io.support.PropertiesLoaderSupport.loadProperties(PropertiesLoaderSupport.java:172) - Loading properties file from class path resource [env.properties]
2016-11-06 21:38:42,671 INFO  org.springframework.beans.factory.support.DefaultListableBeanFactory.preInstantiateSingletons(DefaultListableBeanFactory.java:596) - Pre-instantiating singletons in org.springframework.beans.factory.support.DefaultListableBeanFactory@19c3b0f9: defining beans [org.springframework.beans.factory.config.PropertyPlaceholderConfigurer#0,sessionFactory,txManager,org.springframework.aop.config.internalAutoProxyCreator,org.springframework.transaction.annotation.AnnotationTransactionAttributeSource#0,org.springframework.transaction.interceptor.TransactionInterceptor#0,org.springframework.transaction.config.internalTransactionAdvisor,userid,user]; root of factory hierarchy
2016-11-06 21:38:42,926 INFO  com.mchange.v2.log.slf4j.Slf4jMLog$Slf4jMLogger$InfoLogger.log(Slf4jMLog.java:212) - MLog clients using slf4j logging.
2016-11-06 21:38:43,288 INFO  com.mchange.v2.log.slf4j.Slf4jMLog$Slf4jMLogger$InfoLogger.log(Slf4jMLog.java:212) - Initializing c3p0-0.9.5.2 [built 08-December-2015 22:06:04 -0800; debug? true; trace: 10]
2016-11-06 21:38:43,789 INFO  org.hibernate.annotations.common.Version.<clinit>(Version.java:37) - HCANN000001: Hibernate Commons Annotations {4.0.2.Final}
2016-11-06 21:38:43,800 INFO  org.hibernate.Version.logVersion(Version.java:41) - HHH000412: Hibernate Core {4.2.21.Final}
2016-11-06 21:38:43,803 INFO  org.hibernate.cfg.Environment.<clinit>(Environment.java:238) - HHH000206: hibernate.properties not found
2016-11-06 21:38:43,805 INFO  org.hibernate.cfg.Environment.buildBytecodeProvider(Environment.java:345) - HHH000021: Bytecode provider name : javassist
2016-11-06 21:38:43,858 INFO  org.hibernate.cfg.Configuration.configure(Configuration.java:2051) - HHH000044: Configuring from URL: file:/Users/momo/Programs/mygit/appide24eapfebf/helloapp/WEB-INF/classes/hibernate.cfg.xml
2016-11-06 21:38:43,940 INFO  org.hibernate.cfg.Configuration.addResource(Configuration.java:730) - HHH000221: Reading mappings from resource: mypack/Entity/Users.hbm.xml
2016-11-06 21:38:44,004 INFO  org.hibernate.cfg.Configuration.doConfigure(Configuration.java:2156) - HHH000041: Configured SessionFactory: null
2016-11-06 21:38:44,322 INFO  com.mchange.v2.log.slf4j.Slf4jMLog$Slf4jMLogger$InfoLogger.log(Slf4jMLog.java:212) - Initializing c3p0 pool... com.mchange.v2.c3p0.ComboPooledDataSource [ acquireIncrement -> 3, acquireRetryAttempts -> 30, acquireRetryDelay -> 1000, autoCommitOnClose -> false, automaticTestTable -> null, breakAfterAcquireFailure -> false, checkoutTimeout -> 0, connectionCustomizerClassName -> null, connectionTesterClassName -> com.mchange.v2.c3p0.impl.DefaultConnectionTester, contextClassLoaderSource -> caller, dataSourceName -> 1hge0w39kg1z1l09u4ifk|61f5898d, debugUnreturnedConnectionStackTraces -> false, description -> null, driverClass -> oracle.jdbc.driver.OracleDriver, extensions -> {}, factoryClassLocation -> null, forceIgnoreUnresolvedTransactions -> false, forceSynchronousCheckins -> false, forceUseNamedDriverClass -> false, identityToken -> 1hge0w39kg1z1l09u4ifk|61f5898d, idleConnectionTestPeriod -> 0, initialPoolSize -> 3, jdbcUrl -> jdbc:oracle:thin:@192.168.0.2:1521:jack, maxAdministrativeTaskTime -> 0, maxConnectionAge -> 0, maxIdleTime -> 1800, maxIdleTimeExcessConnections -> 0, maxPoolSize -> 5, maxStatements -> 8, maxStatementsPerConnection -> 5, minPoolSize -> 3, numHelperThreads -> 3, preferredTestQuery -> null, privilegeSpawnedThreads -> false, properties -> {user=******, password=******}, propertyCycle -> 0, statementCacheNumDeferredCloseThreads -> 0, testConnectionOnCheckin -> false, testConnectionOnCheckout -> false, unreturnedConnectionTimeout -> 0, userOverrides -> {}, usesTraditionalReflectiveProxies -> false ]
2016-11-06 21:38:44,376 WARN  com.mchange.v2.log.slf4j.Slf4jMLog$Slf4jMLogger$WarnLogger.log(Slf4jMLog.java:223) - com.mchange.v2.resourcepool.BasicResourcePool@2c3a3c0c -- an attempt to checkout a resource was interrupted, and the pool is still live: some other thread must have interrupted the Thread attempting checkout!
java.lang.InterruptedException
	at java.lang.Object.wait(Native Method)
	at com.mchange.v2.resourcepool.BasicResourcePool.awaitAvailable(BasicResourcePool.java:1465)
	at com.mchange.v2.resourcepool.BasicResourcePool.prelimCheckoutResource(BasicResourcePool.java:644)
	at com.mchange.v2.resourcepool.BasicResourcePool.checkoutResource(BasicResourcePool.java:554)
	at com.mchange.v2.c3p0.impl.C3P0PooledConnectionPool.checkoutAndMarkConnectionInUse(C3P0PooledConnectionPool.java:758)
	at com.mchange.v2.c3p0.impl.C3P0PooledConnectionPool.checkoutPooledConnection(C3P0PooledConnectionPool.java:685)
	at com.mchange.v2.c3p0.impl.AbstractPoolBackedDataSource.getConnection(AbstractPoolBackedDataSource.java:146)
	at org.hibernate.service.jdbc.connections.internal.DatasourceConnectionProviderImpl.getConnection(DatasourceConnectionProviderImpl.java:141)
	at org.hibernate.engine.jdbc.internal.JdbcServicesImpl$ConnectionProviderJdbcConnectionAccess.obtainConnection(JdbcServicesImpl.java:242)
	at org.hibernate.engine.jdbc.internal.JdbcServicesImpl.configure(JdbcServicesImpl.java:117)
	at org.hibernate.service.internal.StandardServiceRegistryImpl.configureService(StandardServiceRegistryImpl.java:85)
	at org.hibernate.service.internal.AbstractServiceRegistryImpl.initializeService(AbstractServiceRegistryImpl.java:184)
	at org.hibernate.service.internal.AbstractServiceRegistryImpl.getService(AbstractServiceRegistryImpl.java:156)
	at org.hibernate.cfg.Configuration.buildTypeRegistrations(Configuration.java:1827)
	at org.hibernate.cfg.Configuration.buildSessionFactory(Configuration.java:1785)
	at org.hibernate.cfg.Configuration.buildSessionFactory(Configuration.java:1870)
	at org.springframework.orm.hibernate4.LocalSessionFactoryBuilder.buildSessionFactory(LocalSessionFactoryBuilder.java:247)
	at org.springframework.orm.hibernate4.LocalSessionFactoryBean.buildSessionFactory(LocalSessionFactoryBean.java:373)
	at org.springframework.orm.hibernate4.LocalSessionFactoryBean.afterPropertiesSet(LocalSessionFactoryBean.java:358)
	at org.springframework.beans.factory.support.AbstractAutowireCapableBeanFactory.invokeInitMethods(AbstractAutowireCapableBeanFactory.java:1547)
	at org.springframework.beans.factory.support.AbstractAutowireCapableBeanFactory.initializeBean(AbstractAutowireCapableBeanFactory.java:1485)
	at org.springframework.beans.factory.support.AbstractAutowireCapableBeanFactory.doCreateBean(AbstractAutowireCapableBeanFactory.java:524)
	at org.springframework.beans.factory.support.AbstractAutowireCapableBeanFactory.createBean(AbstractAutowireCapableBeanFactory.java:461)
	at org.springframework.beans.factory.support.AbstractBeanFactory$1.getObject(AbstractBeanFactory.java:295)
	at org.springframework.beans.factory.support.DefaultSingletonBeanRegistry.getSingleton(DefaultSingletonBeanRegistry.java:223)
	at org.springframework.beans.factory.support.AbstractBeanFactory.doGetBean(AbstractBeanFactory.java:292)
	at org.springframework.beans.factory.support.AbstractBeanFactory.getBean(AbstractBeanFactory.java:194)
	at org.springframework.beans.factory.support.DefaultListableBeanFactory.preInstantiateSingletons(DefaultListableBeanFactory.java:608)
	at org.springframework.context.support.AbstractApplicationContext.finishBeanFactoryInitialization(AbstractApplicationContext.java:932)
	at org.springframework.context.support.AbstractApplicationContext.refresh(AbstractApplicationContext.java:479)
	at org.springframework.web.context.ContextLoader.configureAndRefreshWebApplicationContext(ContextLoader.java:389)
	at org.springframework.web.context.ContextLoader.initWebApplicationContext(ContextLoader.java:294)
	at org.springframework.web.context.ContextLoaderListener.contextInitialized(ContextLoaderListener.java:112)
	at org.apache.catalina.core.StandardContext.listenerStart(StandardContext.java:4811)
	at org.apache.catalina.core.StandardContext.startInternal(StandardContext.java:5251)
	at org.apache.catalina.util.LifecycleBase.start(LifecycleBase.java:147)
	at org.apache.catalina.startup.HostConfig.reload(HostConfig.java:1381)
	at org.apache.catalina.startup.HostConfig.checkResources(HostConfig.java:1345)
	at org.apache.catalina.startup.HostConfig.check(HostConfig.java:1581)
	at org.apache.catalina.startup.HostConfig.lifecycleEvent(HostConfig.java:284)
	at org.apache.catalina.util.LifecycleSupport.fireLifecycleEvent(LifecycleSupport.java:95)
	at org.apache.catalina.util.LifecycleBase.fireLifecycleEvent(LifecycleBase.java:90)
	at org.apache.catalina.core.ContainerBase.backgroundProcess(ContainerBase.java:1141)
	at org.apache.catalina.core.ContainerBase$ContainerBackgroundProcessor.processChildren(ContainerBase.java:1377)
	at org.apache.catalina.core.ContainerBase$ContainerBackgroundProcessor.processChildren(ContainerBase.java:1381)
	at org.apache.catalina.core.ContainerBase$ContainerBackgroundProcessor.run(ContainerBase.java:1349)
	at java.lang.Thread.run(Thread.java:745)
2016-11-06 21:38:44,422 WARN  org.hibernate.engine.jdbc.internal.JdbcServicesImpl.configure(JdbcServicesImpl.java:169) - HHH000342: Could not obtain connection to query metadata : An SQLException was provoked by the following failure: java.lang.InterruptedException
2016-11-06 21:38:44,493 INFO  org.hibernate.dialect.Dialect.<init>(Dialect.java:130) - HHH000400: Using dialect: org.hibernate.dialect.Oracle10gDialect
2016-11-06 21:38:44,536 INFO  org.hibernate.engine.jdbc.internal.LobCreatorBuilder.useContextualLobCreation(LobCreatorBuilder.java:85) - HHH000422: Disabling contextual LOB creation as connection was null
2016-11-06 21:38:44,716 INFO  org.hibernate.engine.transaction.internal.TransactionFactoryInitiator.initiateService(TransactionFactoryInitiator.java:68) - HHH000399: Using default transaction strategy (direct JDBC transactions)
2016-11-06 21:38:44,727 INFO  org.hibernate.hql.internal.ast.ASTQueryTranslatorFactory.<init>(ASTQueryTranslatorFactory.java:48) - HHH000397: Using ASTQueryTranslatorFactory
2016-11-06 21:38:44,728 WARN  org.hibernate.cfg.SettingsFactory.buildSettings(SettingsFactory.java:366) - Unrecognized value for "hibernate.hbm2ddl.auto": none
2016-11-06 21:38:45,343 INFO  org.springframework.orm.hibernate4.HibernateTransactionManager.afterPropertiesSet(HibernateTransactionManager.java:339) - Using DataSource [com.mchange.v2.c3p0.ComboPooledDataSource[ identityToken -> 1hge0w39kg1z1l09u4ifk|61f5898d, dataSourceName -> 1hge0w39kg1z1l09u4ifk|61f5898d ]] of Hibernate SessionFactory for HibernateTransactionManager
2016-11-06 21:38:45,380 INFO  org.springframework.web.context.ContextLoader.initWebApplicationContext(ContextLoader.java:313) - Root WebApplicationContext: initialization completed in 3583 ms
2016-11-06 21:38:45,382 ERROR mypack.Init.init(Init.java:12) - i came to logg
2016-11-06 21:38:45,430 INFO  org.springframework.context.support.AbstractApplicationContext.doClose(AbstractApplicationContext.java:1042) - Closing Root WebApplicationContext: startup date [Sun Nov 06 21:38:41 CST 2016]; root of context hierarchy
2016-11-06 21:38:45,431 INFO  org.springframework.beans.factory.support.DefaultSingletonBeanRegistry.destroySingletons(DefaultSingletonBeanRegistry.java:444) - Destroying singletons in org.springframework.beans.factory.support.DefaultListableBeanFactory@19c3b0f9: defining beans [org.springframework.beans.factory.config.PropertyPlaceholderConfigurer#0,sessionFactory,txManager,org.springframework.aop.config.internalAutoProxyCreator,org.springframework.transaction.annotation.AnnotationTransactionAttributeSource#0,org.springframework.transaction.interceptor.TransactionInterceptor#0,org.springframework.transaction.config.internalTransactionAdvisor,userid,user]; root of factory hierarchy
2016-11-06 21:38:48,175 INFO  org.springframework.web.context.ContextLoader.initWebApplicationContext(ContextLoader.java:273) - Root WebApplicationContext: initialization started
2016-11-06 21:38:48,223 INFO  org.springframework.context.support.AbstractApplicationContext.prepareRefresh(AbstractApplicationContext.java:510) - Refreshing Root WebApplicationContext: startup date [Sun Nov 06 21:38:48 CST 2016]; root of context hierarchy
2016-11-06 21:38:48,360 INFO  org.springframework.beans.factory.xml.XmlBeanDefinitionReader.loadBeanDefinitions(XmlBeanDefinitionReader.java:315) - Loading XML bean definitions from ServletContext resource [/WEB-INF/applicationContext.xml]
2016-11-06 21:38:48,596 INFO  org.springframework.core.io.support.PropertiesLoaderSupport.loadProperties(PropertiesLoaderSupport.java:172) - Loading properties file from class path resource [env.properties]
2016-11-06 21:38:48,622 INFO  org.springframework.beans.factory.support.DefaultListableBeanFactory.preInstantiateSingletons(DefaultListableBeanFactory.java:596) - Pre-instantiating singletons in org.springframework.beans.factory.support.DefaultListableBeanFactory@24b734f7: defining beans [org.springframework.beans.factory.config.PropertyPlaceholderConfigurer#0,sessionFactory,txManager,org.springframework.aop.config.internalAutoProxyCreator,org.springframework.transaction.annotation.AnnotationTransactionAttributeSource#0,org.springframework.transaction.interceptor.TransactionInterceptor#0,org.springframework.transaction.config.internalTransactionAdvisor,userid,user]; root of factory hierarchy
2016-11-06 21:38:48,681 INFO  com.mchange.v2.log.slf4j.Slf4jMLog$Slf4jMLogger$InfoLogger.log(Slf4jMLog.java:212) - MLog clients using slf4j logging.
2016-11-06 21:38:48,734 INFO  com.mchange.v2.log.slf4j.Slf4jMLog$Slf4jMLogger$InfoLogger.log(Slf4jMLog.java:212) - Initializing c3p0-0.9.5.2 [built 08-December-2015 22:06:04 -0800; debug? true; trace: 10]
2016-11-06 21:38:49,148 INFO  org.hibernate.annotations.common.Version.<clinit>(Version.java:37) - HCANN000001: Hibernate Commons Annotations {4.0.2.Final}
2016-11-06 21:38:49,157 INFO  org.hibernate.Version.logVersion(Version.java:41) - HHH000412: Hibernate Core {4.2.21.Final}
2016-11-06 21:38:49,159 INFO  org.hibernate.cfg.Environment.<clinit>(Environment.java:238) - HHH000206: hibernate.properties not found
2016-11-06 21:38:49,161 INFO  org.hibernate.cfg.Environment.buildBytecodeProvider(Environment.java:345) - HHH000021: Bytecode provider name : javassist
2016-11-06 21:38:49,194 INFO  org.hibernate.cfg.Configuration.configure(Configuration.java:2051) - HHH000044: Configuring from URL: file:/Users/momo/Programs/mygit/appide24eapfebf/helloapp/WEB-INF/classes/hibernate.cfg.xml
2016-11-06 21:38:49,233 INFO  org.hibernate.cfg.Configuration.addResource(Configuration.java:730) - HHH000221: Reading mappings from resource: mypack/Entity/Users.hbm.xml
2016-11-06 21:38:49,265 INFO  org.hibernate.cfg.Configuration.doConfigure(Configuration.java:2156) - HHH000041: Configured SessionFactory: null
2016-11-06 21:38:49,408 INFO  com.mchange.v2.log.slf4j.Slf4jMLog$Slf4jMLogger$InfoLogger.log(Slf4jMLog.java:212) - Initializing c3p0 pool... com.mchange.v2.c3p0.ComboPooledDataSource [ acquireIncrement -> 3, acquireRetryAttempts -> 30, acquireRetryDelay -> 1000, autoCommitOnClose -> false, automaticTestTable -> null, breakAfterAcquireFailure -> false, checkoutTimeout -> 0, connectionCustomizerClassName -> null, connectionTesterClassName -> com.mchange.v2.c3p0.impl.DefaultConnectionTester, contextClassLoaderSource -> caller, dataSourceName -> 1hge0w39kg1z5sj1b8qfzs|76ac379a, debugUnreturnedConnectionStackTraces -> false, description -> null, driverClass -> oracle.jdbc.driver.OracleDriver, extensions -> {}, factoryClassLocation -> null, forceIgnoreUnresolvedTransactions -> false, forceSynchronousCheckins -> false, forceUseNamedDriverClass -> false, identityToken -> 1hge0w39kg1z5sj1b8qfzs|76ac379a, idleConnectionTestPeriod -> 0, initialPoolSize -> 3, jdbcUrl -> jdbc:oracle:thin:@192.168.0.2:1521:jack, maxAdministrativeTaskTime -> 0, maxConnectionAge -> 0, maxIdleTime -> 1800, maxIdleTimeExcessConnections -> 0, maxPoolSize -> 5, maxStatements -> 8, maxStatementsPerConnection -> 5, minPoolSize -> 3, numHelperThreads -> 3, preferredTestQuery -> null, privilegeSpawnedThreads -> false, properties -> {user=******, password=******}, propertyCycle -> 0, statementCacheNumDeferredCloseThreads -> 0, testConnectionOnCheckin -> false, testConnectionOnCheckout -> false, unreturnedConnectionTimeout -> 0, userOverrides -> {}, usesTraditionalReflectiveProxies -> false ]
2016-11-06 21:41:20,020 WARN  com.mchange.v2.log.slf4j.Slf4jMLog$Slf4jMLogger$WarnLogger.log(Slf4jMLog.java:223) - com.mchange.v2.resourcepool.BasicResourcePool$ScatteredAcquireTask@2d5e6790 -- Acquisition Attempt Failed!!! Clearing pending acquires. While trying to acquire a needed new resource, we failed to succeed more than the maximum number of allowed acquisition attempts (30). Last acquisition attempt exception: 
java.sql.SQLRecoverableException: IO Error: The Network Adapter could not establish the connection
	at oracle.jdbc.driver.T4CConnection.logon(T4CConnection.java:489)
	at oracle.jdbc.driver.PhysicalConnection.<init>(PhysicalConnection.java:553)
	at oracle.jdbc.driver.T4CConnection.<init>(T4CConnection.java:254)
	at oracle.jdbc.driver.T4CDriverExtension.getConnection(T4CDriverExtension.java:32)
	at oracle.jdbc.driver.OracleDriver.connect(OracleDriver.java:528)
	at com.mchange.v2.c3p0.DriverManagerDataSource.getConnection(DriverManagerDataSource.java:175)
	at com.mchange.v2.c3p0.WrapperConnectionPoolDataSource.getPooledConnection(WrapperConnectionPoolDataSource.java:220)
	at com.mchange.v2.c3p0.WrapperConnectionPoolDataSource.getPooledConnection(WrapperConnectionPoolDataSource.java:206)
	at com.mchange.v2.c3p0.impl.C3P0PooledConnectionPool$1PooledConnectionResourcePoolManager.acquireResource(C3P0PooledConnectionPool.java:203)
	at com.mchange.v2.resourcepool.BasicResourcePool.doAcquire(BasicResourcePool.java:1138)
	at com.mchange.v2.resourcepool.BasicResourcePool.doAcquireAndDecrementPendingAcquiresWithinLockOnSuccess(BasicResourcePool.java:1125)
	at com.mchange.v2.resourcepool.BasicResourcePool.access$700(BasicResourcePool.java:44)
	at com.mchange.v2.resourcepool.BasicResourcePool$ScatteredAcquireTask.run(BasicResourcePool.java:1870)
	at com.mchange.v2.async.ThreadPoolAsynchronousRunner$PoolThread.run(ThreadPoolAsynchronousRunner.java:696)
Caused by: oracle.net.ns.NetException: The Network Adapter could not establish the connection
	at oracle.net.nt.ConnStrategy.execute(ConnStrategy.java:439)
	at oracle.net.resolver.AddrResolution.resolveAndExecute(AddrResolution.java:454)
	at oracle.net.ns.NSProtocol.establishConnection(NSProtocol.java:693)
	at oracle.net.ns.NSProtocol.connect(NSProtocol.java:251)
	at oracle.jdbc.driver.T4CConnection.connect(T4CConnection.java:1140)
	at oracle.jdbc.driver.T4CConnection.logon(T4CConnection.java:340)
	... 13 more
Caused by: java.net.ConnectException: Connection refused
	at java.net.PlainSocketImpl.socketConnect(Native Method)
	at java.net.AbstractPlainSocketImpl.doConnect(AbstractPlainSocketImpl.java:350)
	at java.net.AbstractPlainSocketImpl.connectToAddress(AbstractPlainSocketImpl.java:206)
	at java.net.AbstractPlainSocketImpl.connect(AbstractPlainSocketImpl.java:188)
	at java.net.SocksSocketImpl.connect(SocksSocketImpl.java:392)
	at java.net.Socket.connect(Socket.java:589)
	at oracle.net.nt.TcpNTAdapter.connect(TcpNTAdapter.java:149)
	at oracle.net.nt.ConnOption.connect(ConnOption.java:133)
	at oracle.net.nt.ConnStrategy.execute(ConnStrategy.java:405)
	... 18 more
2016-11-06 21:41:20,025 WARN  com.mchange.v2.log.slf4j.Slf4jMLog$Slf4jMLogger$WarnLogger.log(Slf4jMLog.java:220) - Having failed to acquire a resource, com.mchange.v2.resourcepool.BasicResourcePool@7b7e9278 is interrupting all Threads waiting on a resource to check out. Will try again in response to new client requests.
2016-11-06 21:41:20,027 WARN  org.hibernate.engine.jdbc.internal.JdbcServicesImpl.configure(JdbcServicesImpl.java:169) - HHH000342: Could not obtain connection to query metadata : Connections could not be acquired from the underlying database!
2016-11-06 21:41:20,036 INFO  org.hibernate.dialect.Dialect.<init>(Dialect.java:130) - HHH000400: Using dialect: org.hibernate.dialect.Oracle10gDialect
2016-11-06 21:41:20,046 INFO  org.hibernate.engine.jdbc.internal.LobCreatorBuilder.useContextualLobCreation(LobCreatorBuilder.java:85) - HHH000422: Disabling contextual LOB creation as connection was null
2016-11-06 21:41:20,123 INFO  org.hibernate.engine.transaction.internal.TransactionFactoryInitiator.initiateService(TransactionFactoryInitiator.java:68) - HHH000399: Using default transaction strategy (direct JDBC transactions)
2016-11-06 21:41:20,128 INFO  org.hibernate.hql.internal.ast.ASTQueryTranslatorFactory.<init>(ASTQueryTranslatorFactory.java:48) - HHH000397: Using ASTQueryTranslatorFactory
2016-11-06 21:41:20,129 WARN  org.hibernate.cfg.SettingsFactory.buildSettings(SettingsFactory.java:366) - Unrecognized value for "hibernate.hbm2ddl.auto": none
2016-11-06 21:41:20,345 INFO  org.springframework.orm.hibernate4.HibernateTransactionManager.afterPropertiesSet(HibernateTransactionManager.java:339) - Using DataSource [com.mchange.v2.c3p0.ComboPooledDataSource[ identityToken -> 1hge0w39kg1z5sj1b8qfzs|76ac379a, dataSourceName -> 1hge0w39kg1z5sj1b8qfzs|76ac379a ]] of Hibernate SessionFactory for HibernateTransactionManager
2016-11-06 21:41:20,365 INFO  org.springframework.web.context.ContextLoader.initWebApplicationContext(ContextLoader.java:313) - Root WebApplicationContext: initialization completed in 152187 ms
2016-11-06 21:41:20,366 ERROR mypack.Init.init(Init.java:12) - i came to logg
2016-11-06 21:41:20,976 WARN  com.mchange.v2.log.slf4j.Slf4jMLog$Slf4jMLogger$WarnLogger.log(Slf4jMLog.java:223) - com.mchange.v2.resourcepool.BasicResourcePool$ScatteredAcquireTask@402a4dce -- Acquisition Attempt Failed!!! Clearing pending acquires. While trying to acquire a needed new resource, we failed to succeed more than the maximum number of allowed acquisition attempts (30). Last acquisition attempt exception: 
java.sql.SQLRecoverableException: IO Error: The Network Adapter could not establish the connection
	at oracle.jdbc.driver.T4CConnection.logon(T4CConnection.java:489)
	at oracle.jdbc.driver.PhysicalConnection.<init>(PhysicalConnection.java:553)
	at oracle.jdbc.driver.T4CConnection.<init>(T4CConnection.java:254)
	at oracle.jdbc.driver.T4CDriverExtension.getConnection(T4CDriverExtension.java:32)
	at oracle.jdbc.driver.OracleDriver.connect(OracleDriver.java:528)
	at com.mchange.v2.c3p0.DriverManagerDataSource.getConnection(DriverManagerDataSource.java:175)
	at com.mchange.v2.c3p0.WrapperConnectionPoolDataSource.getPooledConnection(WrapperConnectionPoolDataSource.java:220)
	at com.mchange.v2.c3p0.WrapperConnectionPoolDataSource.getPooledConnection(WrapperConnectionPoolDataSource.java:206)
	at com.mchange.v2.c3p0.impl.C3P0PooledConnectionPool$1PooledConnectionResourcePoolManager.acquireResource(C3P0PooledConnectionPool.java:203)
	at com.mchange.v2.resourcepool.BasicResourcePool.doAcquire(BasicResourcePool.java:1138)
	at com.mchange.v2.resourcepool.BasicResourcePool.doAcquireAndDecrementPendingAcquiresWithinLockOnSuccess(BasicResourcePool.java:1125)
	at com.mchange.v2.resourcepool.BasicResourcePool.access$700(BasicResourcePool.java:44)
	at com.mchange.v2.resourcepool.BasicResourcePool$ScatteredAcquireTask.run(BasicResourcePool.java:1870)
	at com.mchange.v2.async.ThreadPoolAsynchronousRunner$PoolThread.run(ThreadPoolAsynchronousRunner.java:696)
Caused by: oracle.net.ns.NetException: The Network Adapter could not establish the connection
	at oracle.net.nt.ConnStrategy.execute(ConnStrategy.java:439)
	at oracle.net.resolver.AddrResolution.resolveAndExecute(AddrResolution.java:454)
	at oracle.net.ns.NSProtocol.establishConnection(NSProtocol.java:693)
	at oracle.net.ns.NSProtocol.connect(NSProtocol.java:251)
	at oracle.jdbc.driver.T4CConnection.connect(T4CConnection.java:1140)
	at oracle.jdbc.driver.T4CConnection.logon(T4CConnection.java:340)
	... 13 more
Caused by: java.net.ConnectException: Connection refused
	at java.net.PlainSocketImpl.socketConnect(Native Method)
	at java.net.AbstractPlainSocketImpl.doConnect(AbstractPlainSocketImpl.java:350)
	at java.net.AbstractPlainSocketImpl.connectToAddress(AbstractPlainSocketImpl.java:206)
	at java.net.AbstractPlainSocketImpl.connect(AbstractPlainSocketImpl.java:188)
	at java.net.SocksSocketImpl.connect(SocksSocketImpl.java:392)
	at java.net.Socket.connect(Socket.java:589)
	at oracle.net.nt.TcpNTAdapter.connect(TcpNTAdapter.java:149)
	at oracle.net.nt.ConnOption.connect(ConnOption.java:133)
	at oracle.net.nt.ConnStrategy.execute(ConnStrategy.java:405)
	... 18 more
2016-11-06 21:41:20,978 WARN  com.mchange.v2.log.slf4j.Slf4jMLog$Slf4jMLogger$WarnLogger.log(Slf4jMLog.java:220) - Having failed to acquire a resource, com.mchange.v2.resourcepool.BasicResourcePool@7b7e9278 is interrupting all Threads waiting on a resource to check out. Will try again in response to new client requests.
2016-11-06 21:41:20,977 WARN  com.mchange.v2.log.slf4j.Slf4jMLog$Slf4jMLogger$WarnLogger.log(Slf4jMLog.java:223) - com.mchange.v2.resourcepool.BasicResourcePool$ScatteredAcquireTask@3ad9e2a7 -- Acquisition Attempt Failed!!! Clearing pending acquires. While trying to acquire a needed new resource, we failed to succeed more than the maximum number of allowed acquisition attempts (30). Last acquisition attempt exception: 
java.sql.SQLRecoverableException: IO Error: The Network Adapter could not establish the connection
	at oracle.jdbc.driver.T4CConnection.logon(T4CConnection.java:489)
	at oracle.jdbc.driver.PhysicalConnection.<init>(PhysicalConnection.java:553)
	at oracle.jdbc.driver.T4CConnection.<init>(T4CConnection.java:254)
	at oracle.jdbc.driver.T4CDriverExtension.getConnection(T4CDriverExtension.java:32)
	at oracle.jdbc.driver.OracleDriver.connect(OracleDriver.java:528)
	at com.mchange.v2.c3p0.DriverManagerDataSource.getConnection(DriverManagerDataSource.java:175)
	at com.mchange.v2.c3p0.WrapperConnectionPoolDataSource.getPooledConnection(WrapperConnectionPoolDataSource.java:220)
	at com.mchange.v2.c3p0.WrapperConnectionPoolDataSource.getPooledConnection(WrapperConnectionPoolDataSource.java:206)
	at com.mchange.v2.c3p0.impl.C3P0PooledConnectionPool$1PooledConnectionResourcePoolManager.acquireResource(C3P0PooledConnectionPool.java:203)
	at com.mchange.v2.resourcepool.BasicResourcePool.doAcquire(BasicResourcePool.java:1138)
	at com.mchange.v2.resourcepool.BasicResourcePool.doAcquireAndDecrementPendingAcquiresWithinLockOnSuccess(BasicResourcePool.java:1125)
	at com.mchange.v2.resourcepool.BasicResourcePool.access$700(BasicResourcePool.java:44)
	at com.mchange.v2.resourcepool.BasicResourcePool$ScatteredAcquireTask.run(BasicResourcePool.java:1870)
	at com.mchange.v2.async.ThreadPoolAsynchronousRunner$PoolThread.run(ThreadPoolAsynchronousRunner.java:696)
Caused by: oracle.net.ns.NetException: The Network Adapter could not establish the connection
	at oracle.net.nt.ConnStrategy.execute(ConnStrategy.java:439)
	at oracle.net.resolver.AddrResolution.resolveAndExecute(AddrResolution.java:454)
	at oracle.net.ns.NSProtocol.establishConnection(NSProtocol.java:693)
	at oracle.net.ns.NSProtocol.connect(NSProtocol.java:251)
	at oracle.jdbc.driver.T4CConnection.connect(T4CConnection.java:1140)
	at oracle.jdbc.driver.T4CConnection.logon(T4CConnection.java:340)
	... 13 more
Caused by: java.net.ConnectException: Connection refused
	at java.net.PlainSocketImpl.socketConnect(Native Method)
	at java.net.AbstractPlainSocketImpl.doConnect(AbstractPlainSocketImpl.java:350)
	at java.net.AbstractPlainSocketImpl.connectToAddress(AbstractPlainSocketImpl.java:206)
	at java.net.AbstractPlainSocketImpl.connect(AbstractPlainSocketImpl.java:188)
	at java.net.SocksSocketImpl.connect(SocksSocketImpl.java:392)
	at java.net.Socket.connect(Socket.java:589)
	at oracle.net.nt.TcpNTAdapter.connect(TcpNTAdapter.java:149)
	at oracle.net.nt.ConnOption.connect(ConnOption.java:133)
	at oracle.net.nt.ConnStrategy.execute(ConnStrategy.java:405)
	... 18 more
2016-11-06 21:41:20,979 WARN  com.mchange.v2.log.slf4j.Slf4jMLog$Slf4jMLogger$WarnLogger.log(Slf4jMLog.java:220) - Having failed to acquire a resource, com.mchange.v2.resourcepool.BasicResourcePool@7b7e9278 is interrupting all Threads waiting on a resource to check out. Will try again in response to new client requests.
2016-11-06 21:46:50,526 INFO  org.springframework.context.support.AbstractApplicationContext.doClose(AbstractApplicationContext.java:1042) - Closing Root WebApplicationContext: startup date [Sun Nov 06 21:38:48 CST 2016]; root of context hierarchy
2016-11-06 21:46:50,527 INFO  org.springframework.beans.factory.support.DefaultSingletonBeanRegistry.destroySingletons(DefaultSingletonBeanRegistry.java:444) - Destroying singletons in org.springframework.beans.factory.support.DefaultListableBeanFactory@24b734f7: defining beans [org.springframework.beans.factory.config.PropertyPlaceholderConfigurer#0,sessionFactory,txManager,org.springframework.aop.config.internalAutoProxyCreator,org.springframework.transaction.annotation.AnnotationTransactionAttributeSource#0,org.springframework.transaction.interceptor.TransactionInterceptor#0,org.springframework.transaction.config.internalTransactionAdvisor,userid,user]; root of factory hierarchy
2016-11-06 21:46:53,714 INFO  org.springframework.web.context.ContextLoader.initWebApplicationContext(ContextLoader.java:273) - Root WebApplicationContext: initialization started
2016-11-06 21:46:53,757 INFO  org.springframework.context.support.AbstractApplicationContext.prepareRefresh(AbstractApplicationContext.java:510) - Refreshing Root WebApplicationContext: startup date [Sun Nov 06 21:46:53 CST 2016]; root of context hierarchy
2016-11-06 21:46:53,886 INFO  org.springframework.beans.factory.xml.XmlBeanDefinitionReader.loadBeanDefinitions(XmlBeanDefinitionReader.java:315) - Loading XML bean definitions from ServletContext resource [/WEB-INF/applicationContext.xml]
2016-11-06 21:46:54,153 INFO  org.springframework.core.io.support.PropertiesLoaderSupport.loadProperties(PropertiesLoaderSupport.java:172) - Loading properties file from class path resource [env.properties]
2016-11-06 21:46:54,194 INFO  org.springframework.beans.factory.support.DefaultListableBeanFactory.preInstantiateSingletons(DefaultListableBeanFactory.java:596) - Pre-instantiating singletons in org.springframework.beans.factory.support.DefaultListableBeanFactory@2d8a69f7: defining beans [org.springframework.beans.factory.config.PropertyPlaceholderConfigurer#0,sessionFactory,txManager,org.springframework.aop.config.internalAutoProxyCreator,org.springframework.transaction.annotation.AnnotationTransactionAttributeSource#0,org.springframework.transaction.interceptor.TransactionInterceptor#0,org.springframework.transaction.config.internalTransactionAdvisor,userid,user]; root of factory hierarchy
2016-11-06 21:46:54,270 INFO  com.mchange.v2.log.slf4j.Slf4jMLog$Slf4jMLogger$InfoLogger.log(Slf4jMLog.java:212) - MLog clients using slf4j logging.
2016-11-06 21:46:54,732 INFO  com.mchange.v2.log.slf4j.Slf4jMLog$Slf4jMLogger$InfoLogger.log(Slf4jMLog.java:212) - Initializing c3p0-0.9.5.2 [built 08-December-2015 22:06:04 -0800; debug? true; trace: 10]
2016-11-06 21:46:55,120 INFO  org.hibernate.annotations.common.Version.<clinit>(Version.java:37) - HCANN000001: Hibernate Commons Annotations {4.0.2.Final}
2016-11-06 21:46:55,128 INFO  org.hibernate.Version.logVersion(Version.java:41) - HHH000412: Hibernate Core {4.2.21.Final}
2016-11-06 21:46:55,130 INFO  org.hibernate.cfg.Environment.<clinit>(Environment.java:238) - HHH000206: hibernate.properties not found
2016-11-06 21:46:55,132 INFO  org.hibernate.cfg.Environment.buildBytecodeProvider(Environment.java:345) - HHH000021: Bytecode provider name : javassist
2016-11-06 21:46:55,166 INFO  org.hibernate.cfg.Configuration.configure(Configuration.java:2051) - HHH000044: Configuring from URL: file:/Users/momo/Programs/mygit/appide24eapfebf/helloapp/WEB-INF/classes/hibernate.cfg.xml
2016-11-06 21:46:55,221 INFO  org.hibernate.cfg.Configuration.addResource(Configuration.java:730) - HHH000221: Reading mappings from resource: mypack/Entity/Users.hbm.xml
2016-11-06 21:46:55,244 INFO  org.hibernate.cfg.Configuration.doConfigure(Configuration.java:2156) - HHH000041: Configured SessionFactory: null
2016-11-06 21:46:55,398 INFO  com.mchange.v2.log.slf4j.Slf4jMLog$Slf4jMLogger$InfoLogger.log(Slf4jMLog.java:212) - Initializing c3p0 pool... com.mchange.v2.c3p0.ComboPooledDataSource [ acquireIncrement -> 3, acquireRetryAttempts -> 30, acquireRetryDelay -> 1000, autoCommitOnClose -> false, automaticTestTable -> null, breakAfterAcquireFailure -> false, checkoutTimeout -> 0, connectionCustomizerClassName -> null, connectionTesterClassName -> com.mchange.v2.c3p0.impl.DefaultConnectionTester, contextClassLoaderSource -> caller, dataSourceName -> 1hge0w39kg29kse105oqaf|63b0137e, debugUnreturnedConnectionStackTraces -> false, description -> null, driverClass -> oracle.jdbc.driver.OracleDriver, extensions -> {}, factoryClassLocation -> null, forceIgnoreUnresolvedTransactions -> false, forceSynchronousCheckins -> false, forceUseNamedDriverClass -> false, identityToken -> 1hge0w39kg29kse105oqaf|63b0137e, idleConnectionTestPeriod -> 0, initialPoolSize -> 3, jdbcUrl -> jdbc:oracle:thin:@192.168.0.2:1521:jack, maxAdministrativeTaskTime -> 0, maxConnectionAge -> 0, maxIdleTime -> 1800, maxIdleTimeExcessConnections -> 0, maxPoolSize -> 5, maxStatements -> 8, maxStatementsPerConnection -> 5, minPoolSize -> 3, numHelperThreads -> 3, preferredTestQuery -> null, privilegeSpawnedThreads -> false, properties -> {user=******, password=******}, propertyCycle -> 0, statementCacheNumDeferredCloseThreads -> 0, testConnectionOnCheckin -> false, testConnectionOnCheckout -> false, unreturnedConnectionTimeout -> 0, userOverrides -> {}, usesTraditionalReflectiveProxies -> false ]
2016-11-06 21:46:56,238 INFO  org.hibernate.dialect.Dialect.<init>(Dialect.java:130) - HHH000400: Using dialect: org.hibernate.dialect.Oracle10gDialect
2016-11-06 21:46:56,507 INFO  org.hibernate.engine.transaction.internal.TransactionFactoryInitiator.initiateService(TransactionFactoryInitiator.java:68) - HHH000399: Using default transaction strategy (direct JDBC transactions)
2016-11-06 21:46:56,514 INFO  org.hibernate.hql.internal.ast.ASTQueryTranslatorFactory.<init>(ASTQueryTranslatorFactory.java:48) - HHH000397: Using ASTQueryTranslatorFactory
2016-11-06 21:46:56,516 WARN  org.hibernate.cfg.SettingsFactory.buildSettings(SettingsFactory.java:366) - Unrecognized value for "hibernate.hbm2ddl.auto": none
2016-11-06 21:46:56,945 INFO  org.springframework.orm.hibernate4.HibernateTransactionManager.afterPropertiesSet(HibernateTransactionManager.java:339) - Using DataSource [com.mchange.v2.c3p0.ComboPooledDataSource[ identityToken -> 1hge0w39kg29kse105oqaf|63b0137e, dataSourceName -> 1hge0w39kg29kse105oqaf|63b0137e ]] of Hibernate SessionFactory for HibernateTransactionManager
2016-11-06 21:46:56,979 INFO  org.springframework.web.context.ContextLoader.initWebApplicationContext(ContextLoader.java:313) - Root WebApplicationContext: initialization completed in 3260 ms
2016-11-06 21:46:56,981 ERROR mypack.Init.init(Init.java:12) - i came to logg
